{
  "RSpec": {
    "coverage": {
      "C:/Users/lenovo/Desktop/KKKKKKKKK/dotsandsquare/spec/bienvenida_spec.rb": [
        1,
        null,
        1,
        null,
        1,
        3,
        null,
        null,
        1,
        1,
        null,
        null,
        1,
        1,
        1,
        null,
        null,
        1,
        1,
        1,
        null,
        null
      ],
      "C:/Users/lenovo/Desktop/KKKKKKKKK/dotsandsquare/lib/Bienvenida.rb": [
        1,
        null,
        1,
        1,
        null,
        1,
        2,
        null,
        null,
        1,
        1,
        null,
        null,
        1,
        1,
        null,
        null,
        1,
        1,
        null,
        null
      ],
      "C:/Users/lenovo/Desktop/KKKKKKKKK/dotsandsquare/spec/game_spec.rb": [
        1,
        null,
        1,
        1,
        1,
        null,
        1,
        22,
        22,
        null,
        null,
        1,
        1,
        null,
        null,
        1,
        1,
        null,
        null,
        1,
        1,
        null,
        null,
        1,
        1,
        null,
        null,
        1,
        1,
        null,
        null,
        1,
        1,
        null,
        null,
        1,
        1,
        null,
        null,
        1,
        1,
        null,
        null,
        1,
        1,
        null,
        null,
        1,
        1,
        null,
        null,
        null,
        null,
        null,
        null,
        null,
        null,
        null,
        null,
        1,
        1,
        1,
        null,
        null,
        1,
        1,
        null,
        null,
        1,
        1,
        null,
        null,
        1,
        1,
        null,
        null,
        1,
        1,
        null,
        null,
        1,
        1,
        null,
        null,
        1,
        1,
        1,
        null,
        null,
        1,
        1,
        null,
        null,
        1,
        1,
        null,
        null,
        1,
        1,
        null,
        null,
        1,
        1,
        null,
        null,
        1,
        1,
        null,
        null
      ],
      "C:/Users/lenovo/Desktop/KKKKKKKKK/dotsandsquare/lib/Game.rb": [
        1,
        null,
        1,
        1,
        1,
        1,
        1,
        1,
        null,
        1,
        1,
        1,
        1,
        1,
        1,
        1,
        null,
        null,
        1,
        1,
        1,
        1,
        9,
        null,
        1,
        null,
        null,
        1,
        4,
        4,
        4,
        4,
        4,
        1,
        0,
        0,
        0,
        0,
        null,
        null,
        3,
        1,
        1,
        1,
        1,
        0,
        null,
        null,
        2,
        1,
        1,
        1,
        1,
        0,
        null,
        null,
        1,
        1,
        1,
        1,
        1,
        1,
        0,
        null,
        null,
        null,
        4,
        4,
        1,
        null,
        4,
        3,
        null,
        4,
        null,
        null,
        1,
        12,
        12,
        12,
        12,
        3,
        3,
        3,
        9,
        4,
        4,
        4,
        5,
        4,
        4,
        4,
        1,
        1,
        1,
        1,
        null,
        null,
        null,
        1,
        13,
        9,
        9,
        null,
        4,
        null,
        null,
        null,
        1,
        13,
        9,
        9,
        36,
        18,
        null,
        null,
        9,
        1,
        1,
        null,
        9,
        9,
        9,
        null,
        4,
        null,
        null,
        null,
        1,
        1,
        null,
        null,
        1,
        3,
        2,
        2,
        null,
        1,
        null,
        null,
        null,
        1,
        2,
        2,
        2,
        2,
        2,
        2,
        null,
        0,
        null,
        null,
        null,
        1,
        5,
        2,
        null,
        3,
        null,
        5,
        null,
        null,
        1,
        0,
        null,
        null,
        1,
        0,
        null,
        null,
        1,
        4,
        4,
        4,
        4,
        null,
        null,
        1,
        0,
        0,
        0,
        0,
        null,
        null,
        0,
        null,
        null,
        null
      ],
      "C:/Users/lenovo/Desktop/KKKKKKKKK/dotsandsquare/lib/user.rb": [
        1,
        1,
        1,
        1,
        null,
        1,
        4,
        4,
        4,
        null,
        null,
        1,
        4,
        null,
        null,
        1,
        7,
        null,
        null,
        1,
        7,
        null,
        null,
        1,
        7,
        7,
        null,
        null,
        1,
        1,
        null,
        null,
        null
      ],
      "C:/Users/lenovo/Desktop/KKKKKKKKK/dotsandsquare/spec/user_spec.rb": [
        1,
        null,
        1,
        null,
        1,
        6,
        null,
        null,
        1,
        1,
        null,
        null,
        1,
        1,
        1,
        null,
        null,
        1,
        1,
        1,
        null,
        null,
        1,
        1,
        1,
        null,
        null,
        1,
        1,
        1,
        1,
        null,
        null,
        1,
        1,
        1,
        1,
        1,
        null,
        null
      ]
    },
    "timestamp": 1543186016
  }
}
